[debug] [2023-03-15T19:52:50.682Z] ----------------------------------------------------------------------
[debug] [2023-03-15T19:52:50.684Z] Command:       /usr/local/bin/node /usr/local/bin/firebase deploy
[debug] [2023-03-15T19:52:50.685Z] CLI Version:   11.24.1
[debug] [2023-03-15T19:52:50.685Z] Platform:      darwin
[debug] [2023-03-15T19:52:50.685Z] Node Version:  v18.14.0
[debug] [2023-03-15T19:52:50.687Z] Time:          Wed Mar 15 2023 16:52:50 GMT-0300 (Brasilia Standard Time)
[debug] [2023-03-15T19:52:50.687Z] ----------------------------------------------------------------------
[debug] 
[debug] [2023-03-15T19:52:50.786Z] > command requires scopes: ["email","openid","https://www.googleapis.com/auth/cloudplatformprojects.readonly","https://www.googleapis.com/auth/firebase","https://www.googleapis.com/auth/cloud-platform"]
[debug] [2023-03-15T19:52:50.786Z] > authorizing via signed-in user (geovane.godoi@gmail.com)
[debug] [2023-03-15T19:52:50.787Z] [iam] checking project van-life-3ffdc for permissions ["firebase.projects.get","firebasehosting.sites.update"]
[debug] [2023-03-15T19:52:50.788Z] > refreshing access token with scopes: []
[debug] [2023-03-15T19:52:50.790Z] >>> [apiv2][query] POST https://www.googleapis.com/oauth2/v3/token [none]
[debug] [2023-03-15T19:52:50.790Z] >>> [apiv2][body] POST https://www.googleapis.com/oauth2/v3/token [omitted]
[debug] [2023-03-15T19:52:51.296Z] <<< [apiv2][status] POST https://www.googleapis.com/oauth2/v3/token 200
[debug] [2023-03-15T19:52:51.297Z] <<< [apiv2][body] POST https://www.googleapis.com/oauth2/v3/token [omitted]
[debug] [2023-03-15T19:52:51.314Z] >>> [apiv2][query] POST https://cloudresourcemanager.googleapis.com/v1/projects/van-life-3ffdc:testIamPermissions [none]
[debug] [2023-03-15T19:52:51.314Z] >>> [apiv2][(partial)header] POST https://cloudresourcemanager.googleapis.com/v1/projects/van-life-3ffdc:testIamPermissions x-goog-quota-user=projects/van-life-3ffdc
[debug] [2023-03-15T19:52:51.314Z] >>> [apiv2][body] POST https://cloudresourcemanager.googleapis.com/v1/projects/van-life-3ffdc:testIamPermissions {"permissions":["firebase.projects.get","firebasehosting.sites.update"]}
[debug] [2023-03-15T19:52:52.314Z] <<< [apiv2][status] POST https://cloudresourcemanager.googleapis.com/v1/projects/van-life-3ffdc:testIamPermissions 200
[debug] [2023-03-15T19:52:52.314Z] <<< [apiv2][body] POST https://cloudresourcemanager.googleapis.com/v1/projects/van-life-3ffdc:testIamPermissions {"permissions":["firebase.projects.get","firebasehosting.sites.update"]}
[debug] [2023-03-15T19:52:52.316Z] >>> [apiv2][query] GET https://firebase.googleapis.com/v1beta1/projects/van-life-3ffdc [none]
[debug] [2023-03-15T19:52:52.825Z] <<< [apiv2][status] GET https://firebase.googleapis.com/v1beta1/projects/van-life-3ffdc 200
[debug] [2023-03-15T19:52:52.825Z] <<< [apiv2][body] GET https://firebase.googleapis.com/v1beta1/projects/van-life-3ffdc {"projectId":"van-life-3ffdc","projectNumber":"1060412556710","displayName":"van life","name":"projects/van-life-3ffdc","resources":{"hostingSite":"van-life-3ffdc"},"state":"ACTIVE","etag":"1_15a9cdec-d52e-40a6-9ea7-5be8e1d13b7a"}
[info] 
[info] === Deploying to 'van-life-3ffdc'...
[info] 
[info] i  deploying hosting 
[debug] [2023-03-15T19:52:52.828Z] Specified "public" directory "/dist/apps/vanlife" does not exist; Deploy to Hosting site "van-life-3ffdc" may fail or be empty.
[debug] [2023-03-15T19:52:52.833Z] >>> [apiv2][query] POST https://firebasehosting.googleapis.com/v1beta1/projects/-/sites/van-life-3ffdc/versions [none]
[debug] [2023-03-15T19:52:52.833Z] >>> [apiv2][body] POST https://firebasehosting.googleapis.com/v1beta1/projects/-/sites/van-life-3ffdc/versions {"status":"CREATED","labels":{"deployment-tool":"cli-firebase"}}
[debug] [2023-03-15T19:52:54.361Z] <<< [apiv2][status] POST https://firebasehosting.googleapis.com/v1beta1/projects/-/sites/van-life-3ffdc/versions 200
[debug] [2023-03-15T19:52:54.361Z] <<< [apiv2][body] POST https://firebasehosting.googleapis.com/v1beta1/projects/-/sites/van-life-3ffdc/versions {"name":"projects/1060412556710/sites/van-life-3ffdc/versions/0b37cb4d8474217e","status":"CREATED","config":{},"labels":{"deployment-tool":"cli-firebase"}}
[info] i  hosting[van-life-3ffdc]: beginning deploy... 
[info] i  hosting[van-life-3ffdc]: found 9 files in /dist/apps/vanlife 
[debug] [2023-03-15T19:52:54.371Z] [hosting] uploading with 200 concurrency
[debug] [2023-03-15T19:52:54.494Z] [hosting] hash cache [ZGlzdC9hcHBzL3ZhbmxpZmU] stored for 9 files
[debug] [2023-03-15T19:52:54.494Z] [hosting][hash queue][FINAL] {"max":115,"min":19,"avg":42.333333333333336,"active":0,"complete":9,"success":9,"errored":0,"retried":0,"total":9,"elapsed":119}
[debug] [2023-03-15T19:52:54.495Z] >>> [apiv2][query] POST https://firebasehosting.googleapis.com/v1beta1/projects/1060412556710/sites/van-life-3ffdc/versions/0b37cb4d8474217e:populateFiles [none]
[debug] [2023-03-15T19:52:54.495Z] >>> [apiv2][body] POST https://firebasehosting.googleapis.com/v1beta1/projects/1060412556710/sites/van-life-3ffdc/versions/0b37cb4d8474217e:populateFiles {"files":{"/favicon.ico":"6eb984d2f37611512555997d757cfd18f2985a8946a51163b38355adc77357bf","/index.html":"9b7f5c5b1f7076792656a0c540f9c0932dad26d4ee768a49f7e907a962e0bc61","/assets/goback-579b94f1.svg":"3cc49248e134910b744cca49ae203b8cad0403f974f5061ea927201eb9890cd5","/assets/index-6701c569.css":"e30dbe5f0a58d8ceadacb91a4e48aa9b20018c69906e4d7ad131972c829cfa94","/assets/logout-c17a5b04.svg":"7362f81362d39a2eb14788359bdfa0406677448521a5180e08a61db21fb62a34","/assets/star-a9af50ba.svg":"45465723ce9c596e2616c14043bacae7e8a7d28e0345fec14da405187dda1488","/assets/index-e4c9cb10.js":"3f83df50c8940c48033ba380d607237d552bba9648474cbe2a4ba5d3a6f62e14","/assets/about-f2b6822a.svg":"214ea8d2d9d41b65343c36c4dcc2ad59bc1076572654c49e47d8983a8396a0ff","/assets/home-87291898.svg":"5bc273476ad52878db431187e256ace25f3a826fb4ebb1090dcfc5b983060c54"}}
